1572957479812	mozrunner::runner	INFO	Running command: "/Applications/Firefox.app/Contents/MacOS/firefox-bin" "-marionette" "-foreground" "-no-remote" "-profile" "/var/folders/_r/b7_bbx7x2nqb8ckdds_t0m0c0000gn/T/rust_mozprofileHhGQx4"
1572957481396	addons.webextension.screenshots@mozilla.org	WARN	Loading extension 'screenshots@mozilla.org': Reading manifest: Invalid extension permission: mozillaAddons
1572957481396	addons.webextension.screenshots@mozilla.org	WARN	Loading extension 'screenshots@mozilla.org': Reading manifest: Invalid extension permission: telemetry
1572957481397	addons.webextension.screenshots@mozilla.org	WARN	Loading extension 'screenshots@mozilla.org': Reading manifest: Invalid extension permission: resource://pdf.js/
1572957481397	addons.webextension.screenshots@mozilla.org	WARN	Loading extension 'screenshots@mozilla.org': Reading manifest: Invalid extension permission: about:reader*
1572957485477	Marionette	INFO	Listening on port 56131
1572957485601	Marionette	WARN	TLS certificate errors will be ignored for this session
1572957509043	Marionette	WARN	TimedPromise timed out after 500 ms: stacktrace:
bail@chrome://marionette/content/sync.js:237:64
send@http://www.5itest.cn/static-dist/libs/vendor.js?8.0.16:7:14661
ajax@http://www.5itest.cn/static-dist/libs/vendor.js?8.0.16:7:11361
e08e353dfaa39855b303/<@http://www.5itest.cn/static-dist/libs/jquery-validation.js?8.0.16:1:10833
check@http://www.5itest.cn/static-dist/libs/jquery-validation.js?8.0.16:1:22714
checkForm@http://www.5itest.cn/static-dist/libs/jquery-validation.js?8.0.16:1:18743
form@http://www.5itest.cn/static-dist/libs/jquery-validation.js?8.0.16:1:18443
validate/<@http://www.5itest.cn/static-dist/libs/jquery-validation.js?8.0.16:1:12987
dispatch@http://www.5itest.cn/static-dist/libs/vendor.js?8.0.16:6:9534
add/v.handle@http://www.5itest.cn/static-dist/libs/vendor.js?8.0.16:6:6236
event.synthesizeMouseAtPoint@chrome://marionette/content/event.js:213:14
webdriverClickElement@chrome://marionette/content/interaction.js:192:11
1572957514760	Marionette	INFO	Stopped listening on port 56131
JavaScript error: http://www.5itest.cn/static-dist/libs/vendor.js?8.0.16, line 7: SyntaxError: JSON.parse: unexpected character at line 1 column 1 of the JSON data
1572957634014	mozrunner::runner	INFO	Running command: "/Applications/Firefox.app/Contents/MacOS/firefox-bin" "-marionette" "-foreground" "-no-remote" "-profile" "/var/folders/_r/b7_bbx7x2nqb8ckdds_t0m0c0000gn/T/rust_mozprofileY7HBtm"
1572957635543	addons.webextension.screenshots@mozilla.org	WARN	Loading extension 'screenshots@mozilla.org': Reading manifest: Invalid extension permission: mozillaAddons
1572957635544	addons.webextension.screenshots@mozilla.org	WARN	Loading extension 'screenshots@mozilla.org': Reading manifest: Invalid extension permission: telemetry
1572957635544	addons.webextension.screenshots@mozilla.org	WARN	Loading extension 'screenshots@mozilla.org': Reading manifest: Invalid extension permission: resource://pdf.js/
1572957635545	addons.webextension.screenshots@mozilla.org	WARN	Loading extension 'screenshots@mozilla.org': Reading manifest: Invalid extension permission: about:reader*
1572957639392	Marionette	INFO	Listening on port 56442
1572957639440	Marionette	WARN	TLS certificate errors will be ignored for this session
1572957655913	Marionette	WARN	TimedPromise timed out after 500 ms: stacktrace:
bail@chrome://marionette/content/sync.js:237:64
send@http://www.5itest.cn/static-dist/libs/vendor.js?8.0.16:7:14661
ajax@http://www.5itest.cn/static-dist/libs/vendor.js?8.0.16:7:11361
e08e353dfaa39855b303/<@http://www.5itest.cn/static-dist/libs/jquery-validation.js?8.0.16:1:10833
check@http://www.5itest.cn/static-dist/libs/jquery-validation.js?8.0.16:1:22714
checkForm@http://www.5itest.cn/static-dist/libs/jquery-validation.js?8.0.16:1:18743
form@http://www.5itest.cn/static-dist/libs/jquery-validation.js?8.0.16:1:18443
validate/<@http://www.5itest.cn/static-dist/libs/jquery-validation.js?8.0.16:1:12987
dispatch@http://www.5itest.cn/static-dist/libs/vendor.js?8.0.16:6:9534
add/v.handle@http://www.5itest.cn/static-dist/libs/vendor.js?8.0.16:6:6236
event.synthesizeMouseAtPoint@chrome://marionette/content/event.js:213:14
webdriverClickElement@chrome://marionette/content/interaction.js:192:11
1572957661737	Marionette	INFO	Stopped listening on port 56442
JavaScript error: http://www.5itest.cn/static-dist/libs/vendor.js?8.0.16, line 7: SyntaxError: JSON.parse: unexpected character at line 1 column 1 of the JSON data
